srcscan starts
=============== Using precompiled files for SV std libs ===========
INFO: The Verilog library search path for library "std" is now "D:/ProgramFiles/Vivado/2023.2/data/precomp_hsv/sv/std" (VERI-1509)
INFO: The Verilog library search path for library "uvm" is now "D:/ProgramFiles/Vivado/2023.2/data/precomp_hsv/sv/uvm" (VERI-1509)
INFO: analyzing module ALU_controller (VERI-9002)
INFO: analyzing module adder (VERI-9002)
INFO: analyzing module alu (VERI-9002)
INFO: analyzing module clk_div (VERI-9002)
D:/JingYeDaICCompetition/cs2025_stu_self/4_rv32icpu/rv32icpu.srcs/sources_1/new/clk_div.sv(35): WARNING: syntax error near ')' (VERI-1137)
INFO: analyzing module control (VERI-9002)
INFO: analyzing module data_ram (VERI-9002)
INFO: analyzing module imm_gen (VERI-9002)
INFO: analyzing module instr_rom (VERI-9002)
INFO: analyzing module instr_split (VERI-9002)
INFO: analyzing module mux (VERI-9002)
INFO: analyzing module pc (VERI-9002)
INFO: analyzing module reg_file (VERI-9002)
INFO: analyzing module single_cpu (VERI-9002)
INFO: analyzing module tb_alu (VERI-9002)
INFO: analyzing module tb_data_ram (VERI-9002)
INFO: analyzing module tb_imm_gen (VERI-9002)
INFO: analyzing module tb_instr_rom (VERI-9002)
INFO: analyzing module tb_reg_file (VERI-9002)
INFO: analyzing module tb_single_cpu (VERI-9002)
Listing tops:
VeriTop library:xil_defaultlib mod:clk_div
VeriTop library:xil_defaultlib mod:tb_alu
VeriTop library:xil_defaultlib mod:tb_data_ram
VeriTop library:xil_defaultlib mod:tb_imm_gen
VeriTop library:xil_defaultlib mod:tb_instr_rom
VeriTop library:xil_defaultlib mod:tb_reg_file
VeriTop library:xil_defaultlib mod:tb_single_cpu
END of tops
D:/JingYeDaICCompetition/cs2025_stu_self/4_rv32icpu/rv32icpu.srcs/sources_1/new/clk_div.sv(23): INFO: compiling module 'clk_div_default' (VERI-1018)
D:/JingYeDaICCompetition/cs2025_stu_self/4_rv32icpu/rv32icpu.srcs/sim_1/new/tb_alu.sv(23): INFO: compiling module 'tb_alu_default' (VERI-1018)
D:/JingYeDaICCompetition/cs2025_stu_self/4_rv32icpu/rv32icpu.srcs/sim_1/new/tb_data_ram.sv(23): INFO: compiling module 'tb_data_ram_default' (VERI-1018)
D:/JingYeDaICCompetition/cs2025_stu_self/4_rv32icpu/rv32icpu.srcs/sim_1/new/tb_imm_gen.sv(23): INFO: compiling module 'tb_imm_gen_default' (VERI-1018)
D:/JingYeDaICCompetition/cs2025_stu_self/4_rv32icpu/rv32icpu.srcs/sim_1/new/tb_instr_rom.sv(23): INFO: compiling module 'tb_instr_rom_default' (VERI-1018)
D:/JingYeDaICCompetition/cs2025_stu_self/4_rv32icpu/rv32icpu.srcs/sim_1/new/tb_reg_file.sv(31): INFO: compiling module 'tb_reg_file_default' (VERI-1018)
D:/JingYeDaICCompetition/cs2025_stu_self/4_rv32icpu/rv32icpu.srcs/sim_1/new/tb_single_cpu.sv(23): INFO: compiling module 'tb_single_cpu_default' (VERI-1018)
ModName: alu(DATAWIDTH=8)
ModName: data_ram(RAMDEPTH=16)
ModName: instr_rom(RAMDEPTH=16)
BaseName alu has 1 entries
BaseName data_ram has 1 entries
BaseName instr_rom has 1 entries
srcscan exits with return value 0
